<?xml version="1.0" encoding="UTF-8"?>
<!-- Generated by org.testng.reporters.JUnitReportReporter -->
<testsuite skipped="0" hostname="Hanumanth-PC" name="com.selenium.Maventestproject.fnptest" tests="1" failures="0" timestamp="15 Nov 2018 14:05:23 GMT" time="23.025" errors="0">
  <testcase name="FNPPAGE" time="23.025" classname="com.selenium.Maventestproject.fnptest"/>
</testsuite> <!-- com.selenium.Maventestproject.fnptest -->
