<?xml version="1.0" encoding="UTF-8"?>
<!-- Generated by org.testng.reporters.JUnitReportReporter -->
<testsuite skipped="0" hostname="Hanumanth-PC" name="com.selenium.Maventestproject.Testfnp" tests="1" failures="0" timestamp="06 Nov 2018 03:28:54 GMT" time="2.379" errors="0">
  <testcase name="diwali" time="2.379" classname="com.selenium.Maventestproject.Testfnp"/>
</testsuite> <!-- com.selenium.Maventestproject.Testfnp -->
